<?xml version="1.0" encoding="UTF-8"?>
<!-- Generated by org.testng.reporters.JUnitReportReporter -->
<testsuite hostname="Narendra-PC" name="newmaven.Newtest" tests="1" failures="0" timestamp="5 May 2021 11:01:02 GMT" time="1.400" errors="0">
  <testcase name="start" time="1.400" classname="newmaven.Newtest"/>
</testsuite> <!-- newmaven.Newtest -->
