<?xml version="1.0" encoding="UTF-8"?>
<!-- Generated by org.testng.reporters.JUnitReportReporter -->
<testsuite hostname="Narendra-PC" name="newmaven.Newtest" tests="1" failures="0" timestamp="3 May 2021 07:17:57 GMT" time="4.816" errors="0">
  <testcase name="start" time="4.816" classname="newmaven.Newtest"/>
</testsuite> <!-- newmaven.Newtest -->
