<?xml version="1.0" encoding="UTF-8"?>
<!-- Generated by org.testng.reporters.JUnitReportReporter -->
<testsuite hostname="Narendra-PC" name="newmaven.Newtest" tests="1" failures="0" timestamp="4 May 2021 13:01:53 GMT" time="1.677" errors="0">
  <testcase name="start" time="1.677" classname="newmaven.Newtest"/>
</testsuite> <!-- newmaven.Newtest -->
